<?xml version="1.0"?>
<!DOCTYPE coverage SYSTEM "http://cobertura.sourceforge.net/xml/coverage-04.dtd">

<coverage line-rate="0.8" branch-rate="1.0" lines-covered="4" lines-valid="5" branches-covered="0" branches-valid="0" complexity="1.0" version="2.1.1" timestamp="1584713155827">
	<sources>
		<source>/home/alumno/Escritorio/proyecto_maven/simple/target/generated-sources/annotations</source>
		<source>/home/alumno/Escritorio/proyecto_maven/simple/src/main/java</source>
		<source>--source</source>
	</sources>
	<packages>
		<package name="t4.demo" line-rate="0.8" branch-rate="1.0" complexity="1.0">
			<classes>
				<class name="t4.demo.App" filename="t4/demo/App.java" line-rate="0.8" branch-rate="1.0" complexity="1.0">
					<methods>
						<method name="&lt;init&gt;" signature="()V" line-rate="1.0" branch-rate="1.0" complexity="0">
							<lines>
								<line number="7" hits="1" branch="false"/>
							</lines>
						</method>
						<method name="main" signature="([Ljava/lang/String;)V" line-rate="0.75" branch-rate="1.0" complexity="0">
							<lines>
								<line number="11" hits="1" branch="false"/>
								<line number="12" hits="1" branch="false"/>
								<line number="13" hits="1" branch="false"/>
								<line number="14" hits="0" branch="false"/>
							</lines>
						</method>
					</methods>
					<lines>
						<line number="7" hits="1" branch="false"/>
						<line number="11" hits="1" branch="false"/>
						<line number="12" hits="1" branch="false"/>
						<line number="13" hits="1" branch="false"/>
						<line number="14" hits="0" branch="false"/>
					</lines>
				</class>
			</classes>
		</package>
	</packages>
</coverage>
